[02Jan2025 00:02:14.374] [Server thread/INFO] [net.minecraft.server.MinecraftServer/]: manu is bleeding. manu was burnt to a crisp whilst fighting Fire Dragon
[02Jan2025 00:02:14.402] [Server thread/WARN] [tombstone/]: The death event of the player manu was canceled by another mod
[02Jan2025 00:02:14.405] [Server thread/INFO] [tombstone/]: The player manu has successfully been saved
[02Jan2025 00:02:20.672] [Server thread/INFO] [net.minecraft.server.MinecraftServer/]: manu burned to death
[02Jan2025 00:03:09.363] [Server thread/INFO] [net.minecraft.server.MinecraftServer/]: manu is bleeding. manu walked into fire whilst fighting Fire Dragon
[02Jan2025 00:03:09.365] [Server thread/WARN] [tombstone/]: The death event of the player manu was canceled by another mod
[02Jan2025 00:03:09.368] [Server thread/INFO] [tombstone/]: The player manu has successfully been saved
[02Jan2025 00:03:31.252] [Server thread/INFO] [net.minecraft.server.MinecraftServer/]: manu burned to death
[02Jan2025 00:03:31.260] [Server thread/INFO] [tombstone/]: The player manu has successfully been saved
[02Jan2025 00:05:03.266] [Server thread/WARN] [net.minecraft.server.network.ServerGamePacketListenerImpl/]: manu was kicked for floating too long!
[02Jan2025 00:05:03.300] [Server thread/INFO] [net.minecraft.server.network.ServerGamePacketListenerImpl/]: manu lost connection: Flying is not enabled on this server
[02Jan2025 00:05:03.300] [Server thread/INFO] [net.minecraft.server.MinecraftServer/]: manu left the game
[02Jan2025 00:05:03.301] [Server thread/INFO] [voicechat/]: [voicechat] Disconnecting client manu
[02Jan2025 00:05:21.321] [Server thread/INFO] [net.minecraft.server.players.PlayerList/]: manu[/127.227.189.202:42455] logged in with entity id 52809 at (814.9491250016454, 135.2456191822349, 37.23422465840332)
[02Jan2025 00:05:21.332] [Server thread/INFO] [net.minecraft.server.MinecraftServer/]: manu joined the game
[02Jan2025 00:05:21.712] [Server thread/INFO] [voicechat/]: [voicechat] Received secret request of manu (18)
[02Jan2025 00:05:21.713] [Server thread/INFO] [voicechat/]: [voicechat] Sent secret to manu
[02Jan2025 00:05:33.103] [VoiceChatPacketProcessingThread/INFO] [voicechat/]: [voicechat] Successfully authenticated player 7540910e-dd19-3b9f-b7cd-b628422714d6
[02Jan2025 00:05:33.204] [Server thread/WARN] [net.minecraft.server.network.ServerGamePacketListenerImpl/]: manu was kicked for floating too long!
[02Jan2025 00:05:33.205] [Server thread/INFO] [net.minecraft.server.network.ServerGamePacketListenerImpl/]: manu lost connection: Flying is not enabled on this server
[02Jan2025 00:05:33.205] [Server thread/INFO] [net.minecraft.server.MinecraftServer/]: manu left the game
[02Jan2025 00:05:33.206] [Server thread/INFO] [voicechat/]: [voicechat] Disconnecting client manu
[02Jan2025 00:05:33.255] [Server thread/WARN] [net.minecraft.network.Connection/]: handleDisconnection() called twice
[02Jan2025 00:06:04.073] [Server thread/INFO] [net.minecraft.server.players.PlayerList/]: manu[/127.227.189.202:48553] logged in with entity id 52933 at (778.9208809608942, 200.860933902666, 64.6726046930887)
[02Jan2025 00:06:04.101] [Server thread/INFO] [net.minecraft.server.MinecraftServer/]: manu joined the game
[02Jan2025 00:06:04.471] [Server thread/INFO] [voicechat/]: [voicechat] Received secret request of manu (18)
[02Jan2025 00:06:04.473] [Server thread/INFO] [voicechat/]: [voicechat] Sent secret to manu
[02Jan2025 00:06:07.282] [Server thread/INFO] [net.minecraft.server.MinecraftServer/]: [ADMIN: Killed manu]
[02Jan2025 00:06:14.009] [Server thread/INFO] [net.minecraft.server.MinecraftServer/]: manu is bleeding. manu was killed
[02Jan2025 00:06:14.011] [Server thread/WARN] [tombstone/]: The death event of the player manu was canceled by another mod
[02Jan2025 00:06:14.011] [Server thread/INFO] [net.minecraft.server.MinecraftServer/]: [ADMIN: Killed manu]
[02Jan2025 00:06:14.015] [Server thread/INFO] [tombstone/]: The player manu has successfully been saved
[02Jan2025 00:06:15.555] [Server thread/WARN] [net.minecraft.server.network.ServerGamePacketListenerImpl/]: manu was kicked for floating too long!
[02Jan2025 00:06:15.605] [Server thread/INFO] [net.minecraft.server.network.ServerGamePacketListenerImpl/]: manu lost connection: Flying is not enabled on this server
[02Jan2025 00:06:15.605] [Server thread/INFO] [net.minecraft.server.MinecraftServer/]: manu left the game
[02Jan2025 00:06:15.606] [Server thread/INFO] [net.minecraft.server.MinecraftServer/]: manu was killed
[02Jan2025 00:06:15.679] [Server thread/INFO] [voicechat/]: [voicechat] Disconnecting client manu
[02Jan2025 00:07:27.849] [Server thread/INFO] [net.minecraft.server.network.ServerGamePacketListenerImpl/]: ADMIN lost connection: Disconnected
[02Jan2025 00:07:27.851] [Server thread/INFO] [net.minecraft.server.MinecraftServer/]: ADMIN left the game
[02Jan2025 00:07:27.852] [Server thread/INFO] [voicechat/]: [voicechat] Disconnecting client ADMIN
[02Jan2025 00:07:33.412] [Server thread/INFO] [net.minecraft.server.network.ServerLoginPacketListenerImpl/]: com.mojang.authlib.GameProfile@53db6e40[id=<null>,name=manu,properties={},legacy=false] (/127.227.189.202:58461) lost connection: Disconnected
[02Jan2025 00:07:40.827] [Server thread/INFO] [net.minecraft.server.players.PlayerList/]: ADMIN[/127.227.189.202:33049] logged in with entity id 53248 at (833.6317088135294, 67.0, -15.876957366860454)
[02Jan2025 00:07:40.916] [Server thread/INFO] [net.minecraft.server.MinecraftServer/]: ADMIN joined the game
[02Jan2025 00:07:41.223] [Server thread/INFO] [voicechat/]: [voicechat] Received secret request of ADMIN (18)
[02Jan2025 00:07:41.223] [Server thread/INFO] [voicechat/]: [voicechat] Sent secret to ADMIN
[02Jan2025 00:07:48.743] [VoiceChatPacketProcessingThread/INFO] [voicechat/]: [voicechat] Successfully authenticated player f462eb29-aa29-3588-8da2-a2565774ca02
[02Jan2025 00:07:49.713] [VoiceChatPacketProcessingThread/INFO] [voicechat/]: [voicechat] Successfully validated connection of player f462eb29-aa29-3588-8da2-a2565774ca02
[02Jan2025 00:07:49.713] [VoiceChatPacketProcessingThread/INFO] [voicechat/]: [voicechat] Player ADMIN (f462eb29-aa29-3588-8da2-a2565774ca02) successfully connected to voice chat
[02Jan2025 00:08:54.421] [Server thread/INFO] [net.minecraft.server.players.PlayerList/]: manu[/127.227.189.202:43197] logged in with entity id 53411 at (806.480174575777, 258.9418862423592, 91.40626870529125)
[02Jan2025 00:08:54.430] [Server thread/INFO] [net.minecraft.server.MinecraftServer/]: manu joined the game
[02Jan2025 00:08:54.658] [Server thread/INFO] [net.minecraft.server.MinecraftServer/]: [ADMIN: Removed every effect from manu]
[02Jan2025 00:08:54.880] [Server thread/INFO] [voicechat/]: [voicechat] Received secret request of manu (18)
[02Jan2025 00:08:54.881] [Server thread/INFO] [voicechat/]: [voicechat] Sent secret to manu
[02Jan2025 00:09:01.556] [VoiceChatPacketProcessingThread/INFO] [voicechat/]: [voicechat] Successfully authenticated player 7540910e-dd19-3b9f-b7cd-b628422714d6
[02Jan2025 00:09:02.552] [VoiceChatPacketProcessingThread/INFO] [voicechat/]: [voicechat] Successfully validated connection of player 7540910e-dd19-3b9f-b7cd-b628422714d6
[02Jan2025 00:09:02.553] [VoiceChatPacketProcessingThread/INFO] [voicechat/]: [voicechat] Player manu (7540910e-dd19-3b9f-b7cd-b628422714d6) successfully connected to voice chat
